<?xml version="1.0" encoding="utf-8"?><testsuites name="pytest tests"><testsuite name="pytest" errors="0" failures="0" skipped="0" tests="7" time="12.783" timestamp="2026-07-30T06:54:21.750347+00:00" hostname="agent-env-efbd8362-97bc-4c0b-ab85-1d9c063abc51"><testcase classname="tests.test_stripe_and_limits.TestPayments" name="test_list_packages" time="0.192" /><testcase classname="tests.test_stripe_and_limits.TestPayments" name="test_checkout_creates_session_and_persists_txn" time="0.838" /><testcase classname="tests.test_stripe_and_limits.TestAILimit" name="test_free_user_hits_402_on_4th_call" time="1.128" /><testcase classname="tests.test_stripe_and_limits.TestPayments" name="test_checkout_unknown_package" time="0.046" /><testcase classname="tests.test_stripe_and_limits.TestPayments" name="test_payment_status_pending_for_new_session" time="0.818" /><testcase classname="tests.test_stripe_and_limits.TestAILimit" name="test_pro_user_bypasses_limit" time="10.604" /><testcase classname="tests.test_stripe_and_limits.TestPayments" name="test_payment_status_not_found" time="1.499" /></testsuite></testsuites>